{"level":"info","message":"Starting app","service":"scalable-api","timestamp":"2025-09-12T17:54:29.605Z"}
{"level":"info","message":"::1 - - [12/Sep/2025:17:54:29 +0000] \"GET / HTTP/1.1\" 200 22 \"-\" \"Mozilla/5.0 (Macintosh; Intel Mac OS X 10_15_7) AppleWebKit/537.36 (KHTML, like Gecko) Chrome/140.0.0.0 Safari/537.36\"","service":"scalable-api","timestamp":"2025-09-12T17:54:29.620Z"}
{"level":"info","message":"::1 - - [12/Sep/2025:17:54:29 +0000] \"GET /favicon.ico HTTP/1.1\" 404 150 \"-\" \"Mozilla/5.0 (Macintosh; Intel Mac OS X 10_15_7) AppleWebKit/537.36 (KHTML, like Gecko) Chrome/140.0.0.0 Safari/537.36\"","service":"scalable-api","timestamp":"2025-09-12T17:54:29.660Z"}
{"level":"info","message":"Starting app","service":"scalable-api","timestamp":"2025-09-12T17:55:03.362Z"}
{"level":"info","message":"::1 - - [12/Sep/2025:17:55:03 +0000] \"GET / HTTP/1.1\" 304 - \"-\" \"Mozilla/5.0 (Macintosh; Intel Mac OS X 10_15_7) AppleWebKit/537.36 (KHTML, like Gecko) Chrome/140.0.0.0 Safari/537.36\"","service":"scalable-api","timestamp":"2025-09-12T17:55:03.365Z"}
{"level":"info","message":"Starting app","service":"scalable-api"}
{"level":"info","message":"::1 - - [12/Sep/2025:17:56:18 +0000] \"GET / HTTP/1.1\" 304 - \"-\" \"Mozilla/5.0 (Macintosh; Intel Mac OS X 10_15_7) AppleWebKit/537.36 (KHTML, like Gecko) Chrome/140.0.0.0 Safari/537.36\"","service":"scalable-api"}
{"level":"info","message":"Starting app","service":"scalable-api"}
{"level":"info","message":"::1 - - [12/Sep/2025:18:04:08 +0000] \"GET / HTTP/1.1\" 200 22 \"-\" \"HTTPie\"","service":"scalable-api"}
{"level":"info","message":"Starting app","service":"scalable-api"}
{"level":"info","message":"::1 - - [12/Sep/2025:18:05:14 +0000] \"GET / HTTP/1.1\" 200 22 \"-\" \"HTTPie\"","service":"scalable-api"}
{"level":"info","message":"::1 - - [12/Sep/2025:18:05:18 +0000] \"GET /api HTTP/1.1\" 200 38 \"-\" \"HTTPie\"","service":"scalable-api"}
{"level":"info","message":"::1 - - [12/Sep/2025:18:05:30 +0000] \"GET /health HTTP/1.1\" 200 76 \"-\" \"HTTPie\"","service":"scalable-api"}
{"level":"info","message":"::1 - - [12/Sep/2025:18:06:02 +0000] \"POST /api/auth/sign-in HTTP/1.1\" 200 31 \"-\" \"HTTPie\"","service":"scalable-api"}
{"level":"info","message":"::1 - - [12/Sep/2025:18:24:47 +0000] \"POST /api/auth/sign-up HTTP/1.1\" 200 31 \"-\" \"HTTPie\"","service":"scalable-api"}
{"level":"info","message":"::1 - - [12/Sep/2025:18:25:49 +0000] \"POST /api/auth/sign-up HTTP/1.1\" 400 92 \"-\" \"HTTPie\"","service":"scalable-api"}
{"level":"info","message":"::1 - - [12/Sep/2025:18:26:44 +0000] \"POST /api/auth/sign-up HTTP/1.1\" 400 144 \"-\" \"HTTPie\"","service":"scalable-api"}
{"level":"info","message":"User registered successfully: test@wp.pl","service":"scalable-api"}
{"level":"info","message":"::1 - - [12/Sep/2025:18:27:11 +0000] \"POST /api/auth/sign-up HTTP/1.1\" 201 94 \"-\" \"HTTPie\"","service":"scalable-api"}
{"level":"info","message":"User test@wp.pl created successfully","service":"scalable-api"}
{"level":"info","message":"User registered successfully: test@wp.pl","service":"scalable-api"}
{"level":"info","message":"::1 - - [12/Sep/2025:20:26:40 +0000] \"POST /api/auth/sign-up HTTP/1.1\" 201 95 \"-\" \"HTTPie\"","service":"scalable-api"}
{"level":"error","message":"Error creating the user: Error: Failed query: insert into \"users\" (\"id\", \"name\", \"email\", \"password\", \"role\", \"created_at\", \"updated_at\") values (default, $1, $2, $3, $4, default, default) returning \"id\", \"name\", \"email\", \"role\", \"created_at\"\nparams: Test,test@wp.pl,$2b$10$x1IrJkdnJrG4JOY1KT2vH.GsdQokUzuSlaJ894w6E7mi8m39MsULm,user","service":"scalable-api"}
{"cause":{"code":"23505","constraint":"users_email_unique","detail":"Key (email)=(test@wp.pl) already exists.","file":"nbtinsert.c","line":"666","name":"NeonDbError","routine":"_bt_check_unique","schema":"public","severity":"ERROR","table":"users"},"level":"error","message":"Signup error Failed query: insert into \"users\" (\"id\", \"name\", \"email\", \"password\", \"role\", \"created_at\", \"updated_at\") values (default, $1, $2, $3, $4, default, default) returning \"id\", \"name\", \"email\", \"role\", \"created_at\"\nparams: Test,test@wp.pl,$2b$10$x1IrJkdnJrG4JOY1KT2vH.GsdQokUzuSlaJ894w6E7mi8m39MsULm,user","params":["Test","test@wp.pl","$2b$10$x1IrJkdnJrG4JOY1KT2vH.GsdQokUzuSlaJ894w6E7mi8m39MsULm","user"],"query":"insert into \"users\" (\"id\", \"name\", \"email\", \"password\", \"role\", \"created_at\", \"updated_at\") values (default, $1, $2, $3, $4, default, default) returning \"id\", \"name\", \"email\", \"role\", \"created_at\"","service":"scalable-api","stack":"Error: Failed query: insert into \"users\" (\"id\", \"name\", \"email\", \"password\", \"role\", \"created_at\", \"updated_at\") values (default, $1, $2, $3, $4, default, default) returning \"id\", \"name\", \"email\", \"role\", \"created_at\"\nparams: Test,test@wp.pl,$2b$10$x1IrJkdnJrG4JOY1KT2vH.GsdQokUzuSlaJ894w6E7mi8m39MsULm,user\n    at NeonHttpPreparedQuery.queryWithCache (file:///Users/chaykov/Desktop/projects/scalable-production-api/node_modules/drizzle-orm/pg-core/session.js:41:15)\n    at process.processTicksAndRejections (node:internal/process/task_queues:105:5)\n    at async NeonHttpPreparedQuery.execute (file:///Users/chaykov/Desktop/projects/scalable-production-api/node_modules/drizzle-orm/neon-http/session.js:45:20)\n    at async createUser (file:///Users/chaykov/Desktop/projects/scalable-production-api/src/services/auth.services.js:24:27)\n    at async signup (file:///Users/chaykov/Desktop/projects/scalable-production-api/src/controllers/auth.controller.js:23:22)"}
{"level":"info","message":"::1 - - [12/Sep/2025:20:27:36 +0000] \"POST /api/auth/sign-up HTTP/1.1\" 500 1285 \"-\" \"HTTPie\"","service":"scalable-api"}
{"level":"info","message":"User test2@wp.pl created successfully","service":"scalable-api"}
{"level":"info","message":"User registered successfully: test2@wp.pl","service":"scalable-api"}
{"level":"info","message":"::1 - - [12/Sep/2025:20:27:47 +0000] \"POST /api/auth/sign-up HTTP/1.1\" 201 95 \"-\" \"HTTPie\"","service":"scalable-api"}
{"level":"error","message":"Error creating the user: Error: Failed query: insert into \"users\" (\"id\", \"name\", \"email\", \"password\", \"role\", \"created_at\", \"updated_at\") values (default, $1, $2, $3, $4, default, default) returning \"id\", \"name\", \"email\", \"role\", \"created_at\"\nparams: Test,test2@wp.pl,$2b$10$pTInY/yXSUdQcKQ2pCBYR.JBLWLCpmdNJjl1mzFq2r3NikOBfs/jO,user","service":"scalable-api"}
{"cause":{"code":"23505","constraint":"users_email_unique","detail":"Key (email)=(test2@wp.pl) already exists.","file":"nbtinsert.c","line":"666","name":"NeonDbError","routine":"_bt_check_unique","schema":"public","severity":"ERROR","table":"users"},"level":"error","message":"Signup error Failed query: insert into \"users\" (\"id\", \"name\", \"email\", \"password\", \"role\", \"created_at\", \"updated_at\") values (default, $1, $2, $3, $4, default, default) returning \"id\", \"name\", \"email\", \"role\", \"created_at\"\nparams: Test,test2@wp.pl,$2b$10$pTInY/yXSUdQcKQ2pCBYR.JBLWLCpmdNJjl1mzFq2r3NikOBfs/jO,user","params":["Test","test2@wp.pl","$2b$10$pTInY/yXSUdQcKQ2pCBYR.JBLWLCpmdNJjl1mzFq2r3NikOBfs/jO","user"],"query":"insert into \"users\" (\"id\", \"name\", \"email\", \"password\", \"role\", \"created_at\", \"updated_at\") values (default, $1, $2, $3, $4, default, default) returning \"id\", \"name\", \"email\", \"role\", \"created_at\"","service":"scalable-api","stack":"Error: Failed query: insert into \"users\" (\"id\", \"name\", \"email\", \"password\", \"role\", \"created_at\", \"updated_at\") values (default, $1, $2, $3, $4, default, default) returning \"id\", \"name\", \"email\", \"role\", \"created_at\"\nparams: Test,test2@wp.pl,$2b$10$pTInY/yXSUdQcKQ2pCBYR.JBLWLCpmdNJjl1mzFq2r3NikOBfs/jO,user\n    at NeonHttpPreparedQuery.queryWithCache (file:///Users/chaykov/Desktop/projects/scalable-production-api/node_modules/drizzle-orm/pg-core/session.js:41:15)\n    at process.processTicksAndRejections (node:internal/process/task_queues:105:5)\n    at async NeonHttpPreparedQuery.execute (file:///Users/chaykov/Desktop/projects/scalable-production-api/node_modules/drizzle-orm/neon-http/session.js:45:20)\n    at async createUser (file:///Users/chaykov/Desktop/projects/scalable-production-api/src/services/auth.services.js:24:27)\n    at async signup (file:///Users/chaykov/Desktop/projects/scalable-production-api/src/controllers/auth.controller.js:23:22)"}
{"level":"info","message":"::1 - - [12/Sep/2025:20:29:19 +0000] \"POST /api/auth/sign-up HTTP/1.1\" 500 1286 \"-\" \"HTTPie\"","service":"scalable-api"}
{"level":"error","message":"Error creating the user: Error: Failed query: insert into \"users\" (\"id\", \"name\", \"email\", \"password\", \"role\", \"created_at\", \"updated_at\") values (default, $1, $2, $3, $4, default, default) returning \"id\", \"name\", \"email\", \"role\", \"created_at\"\nparams: Test,test2@wp.pl,$2b$10$sW/530uxZqWuX0GXvXO3yeLOb1AkoM.0CqOvtAJw7W4R3vDvyt6yW,user","service":"scalable-api"}
{"cause":{"code":"23505","constraint":"users_email_unique","detail":"Key (email)=(test2@wp.pl) already exists.","file":"nbtinsert.c","line":"666","name":"NeonDbError","routine":"_bt_check_unique","schema":"public","severity":"ERROR","table":"users"},"level":"error","message":"Signup error Failed query: insert into \"users\" (\"id\", \"name\", \"email\", \"password\", \"role\", \"created_at\", \"updated_at\") values (default, $1, $2, $3, $4, default, default) returning \"id\", \"name\", \"email\", \"role\", \"created_at\"\nparams: Test,test2@wp.pl,$2b$10$sW/530uxZqWuX0GXvXO3yeLOb1AkoM.0CqOvtAJw7W4R3vDvyt6yW,user","params":["Test","test2@wp.pl","$2b$10$sW/530uxZqWuX0GXvXO3yeLOb1AkoM.0CqOvtAJw7W4R3vDvyt6yW","user"],"query":"insert into \"users\" (\"id\", \"name\", \"email\", \"password\", \"role\", \"created_at\", \"updated_at\") values (default, $1, $2, $3, $4, default, default) returning \"id\", \"name\", \"email\", \"role\", \"created_at\"","service":"scalable-api","stack":"Error: Failed query: insert into \"users\" (\"id\", \"name\", \"email\", \"password\", \"role\", \"created_at\", \"updated_at\") values (default, $1, $2, $3, $4, default, default) returning \"id\", \"name\", \"email\", \"role\", \"created_at\"\nparams: Test,test2@wp.pl,$2b$10$sW/530uxZqWuX0GXvXO3yeLOb1AkoM.0CqOvtAJw7W4R3vDvyt6yW,user\n    at NeonHttpPreparedQuery.queryWithCache (file:///Users/chaykov/Desktop/projects/scalable-production-api/node_modules/drizzle-orm/pg-core/session.js:41:15)\n    at process.processTicksAndRejections (node:internal/process/task_queues:105:5)\n    at async NeonHttpPreparedQuery.execute (file:///Users/chaykov/Desktop/projects/scalable-production-api/node_modules/drizzle-orm/neon-http/session.js:45:20)\n    at async createUser (file:///Users/chaykov/Desktop/projects/scalable-production-api/src/services/auth.services.js:24:27)\n    at async signup (file:///Users/chaykov/Desktop/projects/scalable-production-api/src/controllers/auth.controller.js:23:22)"}
{"level":"info","message":"::1 - - [12/Sep/2025:20:29:30 +0000] \"POST /api/auth/sign-up HTTP/1.1\" 500 1286 \"-\" \"HTTPie\"","service":"scalable-api"}
{"level":"error","message":"Error creating the user: Error: Failed query: insert into \"users\" (\"id\", \"name\", \"email\", \"password\", \"role\", \"created_at\", \"updated_at\") values (default, $1, $2, $3, $4, default, default) returning \"id\", \"name\", \"email\", \"role\", \"created_at\"\nparams: Test,test2@wp.pl,$2b$10$mmsiJ4UMAYLsh3cTxyVXneHm8/XFgbIkXs05RrBGjej9D2N4kXcHC,user","service":"scalable-api"}
{"cause":{"code":"23505","constraint":"users_email_unique","detail":"Key (email)=(test2@wp.pl) already exists.","file":"nbtinsert.c","line":"666","name":"NeonDbError","routine":"_bt_check_unique","schema":"public","severity":"ERROR","table":"users"},"level":"error","message":"Signup error Failed query: insert into \"users\" (\"id\", \"name\", \"email\", \"password\", \"role\", \"created_at\", \"updated_at\") values (default, $1, $2, $3, $4, default, default) returning \"id\", \"name\", \"email\", \"role\", \"created_at\"\nparams: Test,test2@wp.pl,$2b$10$mmsiJ4UMAYLsh3cTxyVXneHm8/XFgbIkXs05RrBGjej9D2N4kXcHC,user","params":["Test","test2@wp.pl","$2b$10$mmsiJ4UMAYLsh3cTxyVXneHm8/XFgbIkXs05RrBGjej9D2N4kXcHC","user"],"query":"insert into \"users\" (\"id\", \"name\", \"email\", \"password\", \"role\", \"created_at\", \"updated_at\") values (default, $1, $2, $3, $4, default, default) returning \"id\", \"name\", \"email\", \"role\", \"created_at\"","service":"scalable-api","stack":"Error: Failed query: insert into \"users\" (\"id\", \"name\", \"email\", \"password\", \"role\", \"created_at\", \"updated_at\") values (default, $1, $2, $3, $4, default, default) returning \"id\", \"name\", \"email\", \"role\", \"created_at\"\nparams: Test,test2@wp.pl,$2b$10$mmsiJ4UMAYLsh3cTxyVXneHm8/XFgbIkXs05RrBGjej9D2N4kXcHC,user\n    at NeonHttpPreparedQuery.queryWithCache (file:///Users/chaykov/Desktop/projects/scalable-production-api/node_modules/drizzle-orm/pg-core/session.js:41:15)\n    at process.processTicksAndRejections (node:internal/process/task_queues:105:5)\n    at async NeonHttpPreparedQuery.execute (file:///Users/chaykov/Desktop/projects/scalable-production-api/node_modules/drizzle-orm/neon-http/session.js:45:20)\n    at async createUser (file:///Users/chaykov/Desktop/projects/scalable-production-api/src/services/auth.services.js:24:27)\n    at async signup (file:///Users/chaykov/Desktop/projects/scalable-production-api/src/controllers/auth.controller.js:23:22)"}
{"level":"info","message":"::1 - - [12/Sep/2025:20:30:44 +0000] \"POST /api/auth/sign-up HTTP/1.1\" 500 1286 \"-\" \"HTTPie\"","service":"scalable-api"}
{"level":"info","message":"::1 - - [12/Sep/2025:20:32:37 +0000] \"POST /api/auth/sign-up HTTP/1.1\" 400 91 \"-\" \"HTTPie\"","service":"scalable-api"}
{"level":"info","message":"::1 - - [12/Sep/2025:20:32:46 +0000] \"POST /api/auth/sign-up HTTP/1.1\" 400 91 \"-\" \"HTTPie\"","service":"scalable-api"}
{"level":"info","message":"::1 - - [12/Sep/2025:20:32:49 +0000] \"POST /api/auth/sign-up HTTP/1.1\" 400 91 \"-\" \"HTTPie\"","service":"scalable-api"}
{"level":"info","message":"User test3@wp.pl created successfully","service":"scalable-api"}
{"level":"info","message":"User registered successfully: test3@wp.pl","service":"scalable-api"}
{"level":"info","message":"::1 - - [12/Sep/2025:20:32:51 +0000] \"POST /api/auth/sign-up HTTP/1.1\" 201 93 \"-\" \"HTTPie\"","service":"scalable-api"}
{"level":"error","message":"Error creating the user: Error: Failed query: insert into \"users\" (\"id\", \"name\", \"email\", \"password\", \"role\", \"created_at\", \"updated_at\") values (default, $1, $2, $3, $4, default, default) returning \"id\", \"name\", \"email\", \"role\", \"created_at\"\nparams: test,test3@wp.pl,$2b$10$Fjo7Ezq/ZEbHN7gO7F9U5uj/mKC39UpcT9ozwOUR5fLCgOS6oPJC.,user","service":"scalable-api"}
{"cause":{"code":"23505","constraint":"users_email_unique","detail":"Key (email)=(test3@wp.pl) already exists.","file":"nbtinsert.c","line":"666","name":"NeonDbError","routine":"_bt_check_unique","schema":"public","severity":"ERROR","table":"users"},"level":"error","message":"Signup error Failed query: insert into \"users\" (\"id\", \"name\", \"email\", \"password\", \"role\", \"created_at\", \"updated_at\") values (default, $1, $2, $3, $4, default, default) returning \"id\", \"name\", \"email\", \"role\", \"created_at\"\nparams: test,test3@wp.pl,$2b$10$Fjo7Ezq/ZEbHN7gO7F9U5uj/mKC39UpcT9ozwOUR5fLCgOS6oPJC.,user","params":["test","test3@wp.pl","$2b$10$Fjo7Ezq/ZEbHN7gO7F9U5uj/mKC39UpcT9ozwOUR5fLCgOS6oPJC.","user"],"query":"insert into \"users\" (\"id\", \"name\", \"email\", \"password\", \"role\", \"created_at\", \"updated_at\") values (default, $1, $2, $3, $4, default, default) returning \"id\", \"name\", \"email\", \"role\", \"created_at\"","service":"scalable-api","stack":"Error: Failed query: insert into \"users\" (\"id\", \"name\", \"email\", \"password\", \"role\", \"created_at\", \"updated_at\") values (default, $1, $2, $3, $4, default, default) returning \"id\", \"name\", \"email\", \"role\", \"created_at\"\nparams: test,test3@wp.pl,$2b$10$Fjo7Ezq/ZEbHN7gO7F9U5uj/mKC39UpcT9ozwOUR5fLCgOS6oPJC.,user\n    at NeonHttpPreparedQuery.queryWithCache (file:///Users/chaykov/Desktop/projects/scalable-production-api/node_modules/drizzle-orm/pg-core/session.js:41:15)\n    at process.processTicksAndRejections (node:internal/process/task_queues:105:5)\n    at async NeonHttpPreparedQuery.execute (file:///Users/chaykov/Desktop/projects/scalable-production-api/node_modules/drizzle-orm/neon-http/session.js:45:20)\n    at async createUser (file:///Users/chaykov/Desktop/projects/scalable-production-api/src/services/auth.services.js:24:27)\n    at async signup (file:///Users/chaykov/Desktop/projects/scalable-production-api/src/controllers/auth.controller.js:23:22)"}
{"level":"info","message":"::1 - - [12/Sep/2025:20:32:56 +0000] \"POST /api/auth/sign-up HTTP/1.1\" 500 1286 \"-\" \"HTTPie\"","service":"scalable-api"}
{"level":"error","message":"Error creating the user: Error: Failed query: insert into \"users\" (\"id\", \"name\", \"email\", \"password\", \"role\", \"created_at\", \"updated_at\") values (default, $1, $2, $3, $4, default, default) returning \"id\", \"name\", \"email\", \"role\", \"created_at\"\nparams: test,test3@wp.pl,$2b$10$/8wMTUzlX5VZXHQnjoHDYe6vlAJRBYsDZFz2/HNbjZXfbw7yUhdHm,user","service":"scalable-api"}
{"cause":{"code":"23505","constraint":"users_email_unique","detail":"Key (email)=(test3@wp.pl) already exists.","file":"nbtinsert.c","line":"666","name":"NeonDbError","routine":"_bt_check_unique","schema":"public","severity":"ERROR","table":"users"},"level":"error","message":"Signup error Failed query: insert into \"users\" (\"id\", \"name\", \"email\", \"password\", \"role\", \"created_at\", \"updated_at\") values (default, $1, $2, $3, $4, default, default) returning \"id\", \"name\", \"email\", \"role\", \"created_at\"\nparams: test,test3@wp.pl,$2b$10$/8wMTUzlX5VZXHQnjoHDYe6vlAJRBYsDZFz2/HNbjZXfbw7yUhdHm,user","params":["test","test3@wp.pl","$2b$10$/8wMTUzlX5VZXHQnjoHDYe6vlAJRBYsDZFz2/HNbjZXfbw7yUhdHm","user"],"query":"insert into \"users\" (\"id\", \"name\", \"email\", \"password\", \"role\", \"created_at\", \"updated_at\") values (default, $1, $2, $3, $4, default, default) returning \"id\", \"name\", \"email\", \"role\", \"created_at\"","service":"scalable-api","stack":"Error: Failed query: insert into \"users\" (\"id\", \"name\", \"email\", \"password\", \"role\", \"created_at\", \"updated_at\") values (default, $1, $2, $3, $4, default, default) returning \"id\", \"name\", \"email\", \"role\", \"created_at\"\nparams: test,test3@wp.pl,$2b$10$/8wMTUzlX5VZXHQnjoHDYe6vlAJRBYsDZFz2/HNbjZXfbw7yUhdHm,user\n    at NeonHttpPreparedQuery.queryWithCache (file:///Users/chaykov/Desktop/projects/scalable-production-api/node_modules/drizzle-orm/pg-core/session.js:41:15)\n    at process.processTicksAndRejections (node:internal/process/task_queues:105:5)\n    at async NeonHttpPreparedQuery.execute (file:///Users/chaykov/Desktop/projects/scalable-production-api/node_modules/drizzle-orm/neon-http/session.js:45:20)\n    at async createUser (file:///Users/chaykov/Desktop/projects/scalable-production-api/src/services/auth.services.js:24:27)\n    at async signup (file:///Users/chaykov/Desktop/projects/scalable-production-api/src/controllers/auth.controller.js:23:22)"}
{"level":"info","message":"::1 - - [12/Sep/2025:20:34:56 +0000] \"POST /api/auth/sign-up HTTP/1.1\" 409 32 \"-\" \"HTTPie\"","service":"scalable-api"}
{"level":"error","message":"Error creating the user: Error: Failed query: insert into \"users\" (\"id\", \"name\", \"email\", \"password\", \"role\", \"created_at\", \"updated_at\") values (default, $1, $2, $3, $4, default, default) returning \"id\", \"name\", \"email\", \"role\", \"created_at\"\nparams: test,test3@wp.pl,$2b$10$Eu0r8hIOYrRVrnt69o0ax.0msO0XVJoJouuS8LYQHDggiywAZLbWu,user","service":"scalable-api"}
{"cause":{"code":"23505","constraint":"users_email_unique","detail":"Key (email)=(test3@wp.pl) already exists.","file":"nbtinsert.c","line":"666","name":"NeonDbError","routine":"_bt_check_unique","schema":"public","severity":"ERROR","table":"users"},"level":"error","message":"Signup error Failed query: insert into \"users\" (\"id\", \"name\", \"email\", \"password\", \"role\", \"created_at\", \"updated_at\") values (default, $1, $2, $3, $4, default, default) returning \"id\", \"name\", \"email\", \"role\", \"created_at\"\nparams: test,test3@wp.pl,$2b$10$Eu0r8hIOYrRVrnt69o0ax.0msO0XVJoJouuS8LYQHDggiywAZLbWu,user","params":["test","test3@wp.pl","$2b$10$Eu0r8hIOYrRVrnt69o0ax.0msO0XVJoJouuS8LYQHDggiywAZLbWu","user"],"query":"insert into \"users\" (\"id\", \"name\", \"email\", \"password\", \"role\", \"created_at\", \"updated_at\") values (default, $1, $2, $3, $4, default, default) returning \"id\", \"name\", \"email\", \"role\", \"created_at\"","service":"scalable-api","stack":"Error: Failed query: insert into \"users\" (\"id\", \"name\", \"email\", \"password\", \"role\", \"created_at\", \"updated_at\") values (default, $1, $2, $3, $4, default, default) returning \"id\", \"name\", \"email\", \"role\", \"created_at\"\nparams: test,test3@wp.pl,$2b$10$Eu0r8hIOYrRVrnt69o0ax.0msO0XVJoJouuS8LYQHDggiywAZLbWu,user\n    at NeonHttpPreparedQuery.queryWithCache (file:///Users/chaykov/Desktop/projects/scalable-production-api/node_modules/drizzle-orm/pg-core/session.js:41:15)\n    at process.processTicksAndRejections (node:internal/process/task_queues:105:5)\n    at async NeonHttpPreparedQuery.execute (file:///Users/chaykov/Desktop/projects/scalable-production-api/node_modules/drizzle-orm/neon-http/session.js:45:20)\n    at async createUser (file:///Users/chaykov/Desktop/projects/scalable-production-api/src/services/auth.services.js:24:27)\n    at async signup (file:///Users/chaykov/Desktop/projects/scalable-production-api/src/controllers/auth.controller.js:23:22)"}
{"level":"info","message":"::1 - - [12/Sep/2025:20:35:20 +0000] \"POST /api/auth/sign-up HTTP/1.1\" 409 32 \"-\" \"HTTPie\"","service":"scalable-api"}
{"level":"error","message":"Error creating the user: Error: Failed query: insert into \"users\" (\"id\", \"name\", \"email\", \"password\", \"role\", \"created_at\", \"updated_at\") values (default, $1, $2, $3, $4, default, default) returning \"id\", \"name\", \"email\", \"role\", \"created_at\"\nparams: test,test3@wp.pl,$2b$10$Lh6wAy/QfGJlG.jqH9Y6hOumPX9BhsdlU.EDzrhiW8CpkiPhHbx8a,user","service":"scalable-api"}
{"cause":{"code":"23505","constraint":"users_email_unique","detail":"Key (email)=(test3@wp.pl) already exists.","file":"nbtinsert.c","line":"666","name":"NeonDbError","routine":"_bt_check_unique","schema":"public","severity":"ERROR","table":"users"},"level":"error","message":"Signup error Failed query: insert into \"users\" (\"id\", \"name\", \"email\", \"password\", \"role\", \"created_at\", \"updated_at\") values (default, $1, $2, $3, $4, default, default) returning \"id\", \"name\", \"email\", \"role\", \"created_at\"\nparams: test,test3@wp.pl,$2b$10$Lh6wAy/QfGJlG.jqH9Y6hOumPX9BhsdlU.EDzrhiW8CpkiPhHbx8a,user","params":["test","test3@wp.pl","$2b$10$Lh6wAy/QfGJlG.jqH9Y6hOumPX9BhsdlU.EDzrhiW8CpkiPhHbx8a","user"],"query":"insert into \"users\" (\"id\", \"name\", \"email\", \"password\", \"role\", \"created_at\", \"updated_at\") values (default, $1, $2, $3, $4, default, default) returning \"id\", \"name\", \"email\", \"role\", \"created_at\"","service":"scalable-api","stack":"Error: Failed query: insert into \"users\" (\"id\", \"name\", \"email\", \"password\", \"role\", \"created_at\", \"updated_at\") values (default, $1, $2, $3, $4, default, default) returning \"id\", \"name\", \"email\", \"role\", \"created_at\"\nparams: test,test3@wp.pl,$2b$10$Lh6wAy/QfGJlG.jqH9Y6hOumPX9BhsdlU.EDzrhiW8CpkiPhHbx8a,user\n    at NeonHttpPreparedQuery.queryWithCache (file:///Users/chaykov/Desktop/projects/scalable-production-api/node_modules/drizzle-orm/pg-core/session.js:41:15)\n    at process.processTicksAndRejections (node:internal/process/task_queues:105:5)\n    at async NeonHttpPreparedQuery.execute (file:///Users/chaykov/Desktop/projects/scalable-production-api/node_modules/drizzle-orm/neon-http/session.js:45:20)\n    at async createUser (file:///Users/chaykov/Desktop/projects/scalable-production-api/src/services/auth.services.js:24:27)\n    at async signup (file:///Users/chaykov/Desktop/projects/scalable-production-api/src/controllers/auth.controller.js:23:22)"}
{"level":"info","message":"::1 - - [12/Sep/2025:20:35:28 +0000] \"POST /api/auth/sign-up HTTP/1.1\" 409 32 \"-\" \"HTTPie\"","service":"scalable-api"}
{"level":"info","message":"User test4@wp.pl created successfully","service":"scalable-api"}
{"level":"info","message":"User registered successfully: test4@wp.pl","service":"scalable-api"}
{"level":"info","message":"::1 - - [12/Sep/2025:20:36:02 +0000] \"POST /api/auth/sign-up HTTP/1.1\" 201 97 \"-\" \"HTTPie\"","service":"scalable-api"}
{"level":"info","message":"User signed in successfully: test4@wp.pl","service":"scalable-api"}
{"level":"info","message":"::1 - - [12/Sep/2025:21:08:12 +0000] \"POST /api/auth/sign-in HTTP/1.1\" 200 109 \"-\" \"HTTPie\"","service":"scalable-api"}
{"level":"info","message":"User signed out successfully","service":"scalable-api"}
{"level":"info","message":"::1 - - [12/Sep/2025:21:08:55 +0000] \"POST /api/auth/sign-out HTTP/1.1\" 200 42 \"-\" \"HTTPie\"","service":"scalable-api"}
{"level":"info","message":"Starting app","service":"scalable-api"}
{"level":"info","message":"::1 - - [12/Sep/2025:21:20:15 +0000] \"GET / HTTP/1.1\" 304 - \"-\" \"Mozilla/5.0 (Macintosh; Intel Mac OS X 10_15_7) AppleWebKit/537.36 (KHTML, like Gecko) Chrome/140.0.0.0 Safari/537.36\"","service":"scalable-api"}
{"level":"info","message":"Starting app","service":"scalable-api"}
{"level":"info","message":"::1 - - [12/Sep/2025:21:20:26 +0000] \"GET / HTTP/1.1\" 304 - \"-\" \"Mozilla/5.0 (Macintosh; Intel Mac OS X 10_15_7) AppleWebKit/537.36 (KHTML, like Gecko) Chrome/140.0.0.0 Safari/537.36\"","service":"scalable-api"}
{"level":"info","message":"Starting app","service":"scalable-api"}
{"level":"info","message":"::1 - - [12/Sep/2025:21:20:39 +0000] \"GET / HTTP/1.1\" 304 - \"-\" \"Mozilla/5.0 (Macintosh; Intel Mac OS X 10_15_7) AppleWebKit/537.36 (KHTML, like Gecko) Chrome/140.0.0.0 Safari/537.36\"","service":"scalable-api"}
{"level":"info","message":"::1 - - [13/Sep/2025:08:46:08 +0000] \"GET /health HTTP/1.1\" 200 75 \"-\" \"HTTPie\"","service":"scalable-api"}
{"level":"info","message":"::1 - - [13/Sep/2025:08:47:49 +0000] \"GET /health HTTP/1.1\" 200 77 \"-\" \"HTTPie\"","service":"scalable-api"}
{"level":"info","message":"::1 - - [13/Sep/2025:08:47:49 +0000] \"GET /health HTTP/1.1\" 200 77 \"-\" \"HTTPie\"","service":"scalable-api"}
{"level":"info","message":"::1 - - [13/Sep/2025:08:47:49 +0000] \"GET /health HTTP/1.1\" 200 77 \"-\" \"HTTPie\"","service":"scalable-api"}
{"level":"info","message":"::1 - - [13/Sep/2025:08:47:49 +0000] \"GET /health HTTP/1.1\" 200 77 \"-\" \"HTTPie\"","service":"scalable-api"}
{"level":"info","message":"::1 - - [13/Sep/2025:08:47:50 +0000] \"GET /health HTTP/1.1\" 200 77 \"-\" \"HTTPie\"","service":"scalable-api"}
{"id":"::1","level":"warn","message":"Rate limit exceeded","path":"/health","service":"scalable-api","userAgent":"HTTPie"}
{"level":"info","message":"::1 - - [13/Sep/2025:08:47:50 +0000] \"GET /health HTTP/1.1\" 403 51 \"-\" \"HTTPie\"","service":"scalable-api"}
{"id":"::1","level":"warn","message":"Rate limit exceeded","path":"/health","service":"scalable-api","userAgent":"HTTPie"}
{"level":"info","message":"::1 - - [13/Sep/2025:08:47:50 +0000] \"GET /health HTTP/1.1\" 403 51 \"-\" \"HTTPie\"","service":"scalable-api"}
{"id":"::1","level":"warn","message":"Rate limit exceeded","path":"/health","service":"scalable-api","userAgent":"HTTPie"}
{"level":"info","message":"::1 - - [13/Sep/2025:08:47:50 +0000] \"GET /health HTTP/1.1\" 403 51 \"-\" \"HTTPie\"","service":"scalable-api"}
{"id":"::1","level":"warn","message":"Rate limit exceeded","path":"/health","service":"scalable-api","userAgent":"HTTPie"}
{"level":"info","message":"::1 - - [13/Sep/2025:08:47:50 +0000] \"GET /health HTTP/1.1\" 403 51 \"-\" \"HTTPie\"","service":"scalable-api"}
{"id":"::1","level":"warn","message":"Rate limit exceeded","path":"/health","service":"scalable-api","userAgent":"HTTPie"}
{"level":"info","message":"::1 - - [13/Sep/2025:08:47:51 +0000] \"GET /health HTTP/1.1\" 403 51 \"-\" \"HTTPie\"","service":"scalable-api"}
{"id":"::1","level":"warn","message":"Rate limit exceeded","path":"/health","service":"scalable-api","userAgent":"HTTPie"}
{"level":"info","message":"::1 - - [13/Sep/2025:08:47:51 +0000] \"GET /health HTTP/1.1\" 403 51 \"-\" \"HTTPie\"","service":"scalable-api"}
{"id":"::1","level":"warn","message":"Rate limit exceeded","path":"/health","service":"scalable-api","userAgent":"HTTPie"}
{"level":"info","message":"::1 - - [13/Sep/2025:08:47:52 +0000] \"GET /health HTTP/1.1\" 403 51 \"-\" \"HTTPie\"","service":"scalable-api"}
{"id":"::1","level":"warn","message":"Rate limit exceeded","path":"/health","service":"scalable-api","userAgent":"HTTPie"}
{"level":"info","message":"::1 - - [13/Sep/2025:08:47:52 +0000] \"GET /health HTTP/1.1\" 403 51 \"-\" \"HTTPie\"","service":"scalable-api"}
{"id":"::1","level":"warn","message":"Rate limit exceeded","path":"/health","service":"scalable-api","userAgent":"HTTPie"}
{"level":"info","message":"::1 - - [13/Sep/2025:08:47:53 +0000] \"GET /health HTTP/1.1\" 403 51 \"-\" \"HTTPie\"","service":"scalable-api"}
{"id":"::1","level":"warn","message":"Rate limit exceeded","path":"/health","service":"scalable-api","userAgent":"HTTPie"}
{"level":"info","message":"::1 - - [13/Sep/2025:08:47:53 +0000] \"GET /health HTTP/1.1\" 403 51 \"-\" \"HTTPie\"","service":"scalable-api"}
{"id":"::1","level":"warn","message":"Rate limit exceeded","path":"/health","service":"scalable-api","userAgent":"HTTPie"}
{"level":"info","message":"::1 - - [13/Sep/2025:08:47:53 +0000] \"GET /health HTTP/1.1\" 403 51 \"-\" \"HTTPie\"","service":"scalable-api"}
{"id":"::1","level":"warn","message":"Rate limit exceeded","path":"/health","service":"scalable-api","userAgent":"HTTPie"}
{"level":"info","message":"::1 - - [13/Sep/2025:08:48:04 +0000] \"GET /health HTTP/1.1\" 403 51 \"-\" \"HTTPie\"","service":"scalable-api"}
{"id":"::1","level":"warn","message":"Rate limit exceeded","path":"/health","service":"scalable-api","userAgent":"HTTPie"}
{"level":"info","message":"::1 - - [13/Sep/2025:08:48:04 +0000] \"GET /health HTTP/1.1\" 403 51 \"-\" \"HTTPie\"","service":"scalable-api"}
{"id":"::1","level":"warn","message":"Rate limit exceeded","path":"/health","service":"scalable-api","userAgent":"HTTPie"}
{"level":"info","message":"::1 - - [13/Sep/2025:08:48:05 +0000] \"GET /health HTTP/1.1\" 403 51 \"-\" \"HTTPie\"","service":"scalable-api"}
{"id":"::1","level":"warn","message":"Rate limit exceeded","path":"/health","service":"scalable-api","userAgent":"HTTPie"}
{"level":"info","message":"::1 - - [13/Sep/2025:08:48:05 +0000] \"GET /health HTTP/1.1\" 403 51 \"-\" \"HTTPie\"","service":"scalable-api"}
{"id":"::1","level":"warn","message":"Rate limit exceeded","path":"/health","service":"scalable-api","userAgent":"HTTPie"}
{"level":"info","message":"::1 - - [13/Sep/2025:08:48:05 +0000] \"GET /health HTTP/1.1\" 403 51 \"-\" \"HTTPie\"","service":"scalable-api"}
{"id":"::1","level":"warn","message":"Rate limit exceeded","path":"/health","service":"scalable-api","userAgent":"HTTPie"}
{"level":"info","message":"::1 - - [13/Sep/2025:08:48:05 +0000] \"GET /health HTTP/1.1\" 403 51 \"-\" \"HTTPie\"","service":"scalable-api"}
{"id":"::1","level":"warn","message":"Rate limit exceeded","path":"/health","service":"scalable-api","userAgent":"HTTPie"}
{"level":"info","message":"::1 - - [13/Sep/2025:08:48:05 +0000] \"GET /health HTTP/1.1\" 403 51 \"-\" \"HTTPie\"","service":"scalable-api"}
{"id":"::1","level":"warn","message":"Rate limit exceeded","path":"/health","service":"scalable-api","userAgent":"HTTPie"}
{"level":"info","message":"::1 - - [13/Sep/2025:08:48:06 +0000] \"GET /health HTTP/1.1\" 403 51 \"-\" \"HTTPie\"","service":"scalable-api"}
{"id":"::1","level":"warn","message":"Rate limit exceeded","path":"/health","service":"scalable-api","userAgent":"HTTPie"}
{"level":"info","message":"::1 - - [13/Sep/2025:08:48:06 +0000] \"GET /health HTTP/1.1\" 403 51 \"-\" \"HTTPie\"","service":"scalable-api"}
{"id":"::1","level":"warn","message":"Rate limit exceeded","path":"/health","service":"scalable-api","userAgent":"HTTPie"}
{"level":"info","message":"::1 - - [13/Sep/2025:08:48:06 +0000] \"GET /health HTTP/1.1\" 403 51 \"-\" \"HTTPie\"","service":"scalable-api"}
{"level":"info","message":"::1 - - [13/Sep/2025:08:50:28 +0000] \"GET /health HTTP/1.1\" 200 76 \"-\" \"HTTPie\"","service":"scalable-api"}
{"level":"info","message":"::1 - - [13/Sep/2025:08:50:37 +0000] \"GET /health HTTP/1.1\" 200 76 \"-\" \"HTTPie\"","service":"scalable-api"}
{"level":"info","message":"::1 - - [13/Sep/2025:08:50:37 +0000] \"GET /health HTTP/1.1\" 200 76 \"-\" \"HTTPie\"","service":"scalable-api"}
{"level":"info","message":"::1 - - [13/Sep/2025:08:50:37 +0000] \"GET /health HTTP/1.1\" 200 76 \"-\" \"HTTPie\"","service":"scalable-api"}
{"level":"info","message":"::1 - - [13/Sep/2025:08:50:37 +0000] \"GET /health HTTP/1.1\" 200 76 \"-\" \"HTTPie\"","service":"scalable-api"}
{"id":"::1","level":"warn","message":"Rate limit exceeded","path":"/health","service":"scalable-api","userAgent":"HTTPie"}
{"level":"info","message":"::1 - - [13/Sep/2025:08:50:37 +0000] \"GET /health HTTP/1.1\" 429 97 \"-\" \"HTTPie\"","service":"scalable-api"}
{"id":"::1","level":"warn","message":"Rate limit exceeded","path":"/health","service":"scalable-api","userAgent":"HTTPie"}
{"level":"info","message":"::1 - - [13/Sep/2025:08:50:37 +0000] \"GET /health HTTP/1.1\" 429 97 \"-\" \"HTTPie\"","service":"scalable-api"}
{"id":"::1","level":"warn","message":"Rate limit exceeded","path":"/health","service":"scalable-api","userAgent":"HTTPie"}
{"level":"info","message":"::1 - - [13/Sep/2025:08:50:37 +0000] \"GET /health HTTP/1.1\" 429 97 \"-\" \"HTTPie\"","service":"scalable-api"}
{"id":"::1","level":"warn","message":"Rate limit exceeded","path":"/health","service":"scalable-api","userAgent":"HTTPie"}
{"level":"info","message":"::1 - - [13/Sep/2025:08:50:38 +0000] \"GET /health HTTP/1.1\" 429 97 \"-\" \"HTTPie\"","service":"scalable-api"}
{"level":"info","message":"::1 - - [13/Sep/2025:08:53:01 +0000] \"GET /health HTTP/1.1\" 200 76 \"-\" \"HTTPie\"","service":"scalable-api"}
{"level":"info","message":"::1 - - [13/Sep/2025:08:53:12 +0000] \"GET /health HTTP/1.1\" 200 76 \"-\" \"HTTPie\"","service":"scalable-api"}
{"level":"info","message":"::1 - - [13/Sep/2025:08:53:12 +0000] \"GET /health HTTP/1.1\" 200 75 \"-\" \"HTTPie\"","service":"scalable-api"}
{"level":"info","message":"::1 - - [13/Sep/2025:08:53:12 +0000] \"GET /health HTTP/1.1\" 200 75 \"-\" \"HTTPie\"","service":"scalable-api"}
{"level":"info","message":"::1 - - [13/Sep/2025:08:53:13 +0000] \"GET /health HTTP/1.1\" 200 76 \"-\" \"HTTPie\"","service":"scalable-api"}
{"id":"::1","level":"warn","message":"Rate limit exceeded","path":"/health","service":"scalable-api","userAgent":"HTTPie"}
{"level":"info","message":"::1 - - [13/Sep/2025:08:53:13 +0000] \"GET /health HTTP/1.1\" 429 97 \"-\" \"HTTPie\"","service":"scalable-api"}
{"id":"::1","level":"warn","message":"Rate limit exceeded","path":"/health","service":"scalable-api","userAgent":"HTTPie"}
{"level":"info","message":"::1 - - [13/Sep/2025:08:53:13 +0000] \"GET /health HTTP/1.1\" 429 97 \"-\" \"HTTPie\"","service":"scalable-api"}
{"id":"::1","level":"warn","message":"Rate limit exceeded","path":"/health","service":"scalable-api","userAgent":"HTTPie"}
{"level":"info","message":"::1 - - [13/Sep/2025:08:53:13 +0000] \"GET /health HTTP/1.1\" 429 97 \"-\" \"HTTPie\"","service":"scalable-api"}
{"id":"::1","level":"warn","message":"Rate limit exceeded","path":"/health","service":"scalable-api","userAgent":"HTTPie"}
{"level":"info","message":"::1 - - [13/Sep/2025:08:53:13 +0000] \"GET /health HTTP/1.1\" 429 97 \"-\" \"HTTPie\"","service":"scalable-api"}
{"level":"info","message":"::1 - - [13/Sep/2025:08:55:31 +0000] \"GET /health HTTP/1.1\" 200 76 \"-\" \"HTTPie\"","service":"scalable-api"}
{"level":"info","message":"::1 - - [13/Sep/2025:08:55:39 +0000] \"GET /health HTTP/1.1\" 200 76 \"-\" \"HTTPie\"","service":"scalable-api"}
{"level":"info","message":"::1 - - [13/Sep/2025:08:55:39 +0000] \"GET /health HTTP/1.1\" 200 73 \"-\" \"HTTPie\"","service":"scalable-api"}
{"level":"info","message":"::1 - - [13/Sep/2025:08:55:39 +0000] \"GET /health HTTP/1.1\" 200 75 \"-\" \"HTTPie\"","service":"scalable-api"}
{"level":"info","message":"::1 - - [13/Sep/2025:08:55:39 +0000] \"GET /health HTTP/1.1\" 200 76 \"-\" \"HTTPie\"","service":"scalable-api"}
{"id":"::1","level":"warn","message":"Rate limit exceeded","path":"/health","service":"scalable-api","userAgent":"HTTPie"}
{"level":"info","message":"::1 - - [13/Sep/2025:08:55:39 +0000] \"GET /health HTTP/1.1\" 429 97 \"-\" \"HTTPie\"","service":"scalable-api"}
{"id":"::1","level":"warn","message":"Rate limit exceeded","path":"/health","service":"scalable-api","userAgent":"HTTPie"}
{"level":"info","message":"::1 - - [13/Sep/2025:08:55:39 +0000] \"GET /health HTTP/1.1\" 429 97 \"-\" \"HTTPie\"","service":"scalable-api"}
{"id":"::1","level":"warn","message":"Rate limit exceeded","path":"/health","service":"scalable-api","userAgent":"HTTPie"}
{"level":"info","message":"::1 - - [13/Sep/2025:08:55:45 +0000] \"GET /health HTTP/1.1\" 429 97 \"-\" \"HTTPie\"","service":"scalable-api"}
{"id":"::1","level":"warn","message":"Rate limit exceeded","path":"/health","service":"scalable-api","userAgent":"HTTPie"}
{"level":"info","message":"::1 - - [13/Sep/2025:08:55:46 +0000] \"GET /health HTTP/1.1\" 429 97 \"-\" \"HTTPie\"","service":"scalable-api"}
{"level":"info","message":"Starting app","service":"scalable-api"}
{"level":"info","message":"::1 - - [13/Sep/2025:09:04:36 +0000] \"GET / HTTP/1.1\" 304 - \"-\" \"Mozilla/5.0 (Macintosh; Intel Mac OS X 10_15_7) AppleWebKit/537.36 (KHTML, like Gecko) Chrome/140.0.0.0 Safari/537.36\"","service":"scalable-api"}
{"level":"info","message":"::1 - - [13/Sep/2025:09:04:36 +0000] \"GET /favicon.ico HTTP/1.1\" 404 150 \"-\" \"Mozilla/5.0 (Macintosh; Intel Mac OS X 10_15_7) AppleWebKit/537.36 (KHTML, like Gecko) Chrome/140.0.0.0 Safari/537.36\"","service":"scalable-api"}
{"level":"info","message":"Starting app","service":"scalable-api"}
{"level":"info","message":"::ffff:192.168.65.1 - - [13/Sep/2025:09:49:48 +0000] \"GET / HTTP/1.1\" 304 - \"-\" \"Mozilla/5.0 (Macintosh; Intel Mac OS X 10_15_7) AppleWebKit/537.36 (KHTML, like Gecko) Chrome/140.0.0.0 Safari/537.36\"","service":"scalable-api"}
{"level":"info","message":"::ffff:192.168.65.1 - - [13/Sep/2025:09:49:48 +0000] \"GET /robots.txt HTTP/1.1\" 404 149 \"-\" \"Mozilla/5.0 (Macintosh; Intel Mac OS X 10_15_7) AppleWebKit/537.36 (KHTML, like Gecko) Chrome/140.0.0.0 Safari/537.36\"","service":"scalable-api"}
{"level":"info","message":"::ffff:192.168.65.1 - - [13/Sep/2025:09:49:49 +0000] \"GET /favicon.ico HTTP/1.1\" 404 150 \"-\" \"Mozilla/5.0 (Macintosh; Intel Mac OS X 10_15_7) AppleWebKit/537.36 (KHTML, like Gecko) Chrome/140.0.0.0 Safari/537.36\"","service":"scalable-api"}
{"level":"info","message":"::ffff:192.168.65.1 - - [13/Sep/2025:09:49:57 +0000] \"GET /healthz HTTP/1.1\" 404 146 \"-\" \"Mozilla/5.0 (Macintosh; Intel Mac OS X 10_15_7) AppleWebKit/537.36 (KHTML, like Gecko) Chrome/140.0.0.0 Safari/537.36\"","service":"scalable-api"}
{"level":"info","message":"::ffff:192.168.65.1 - - [13/Sep/2025:09:49:58 +0000] \"GET /robots.txt HTTP/1.1\" 404 149 \"-\" \"Mozilla/5.0 (Macintosh; Intel Mac OS X 10_15_7) AppleWebKit/537.36 (KHTML, like Gecko) Chrome/140.0.0.0 Safari/537.36\"","service":"scalable-api"}
{"id":"::ffff:192.168.65.1","level":"warn","message":"Rate limit exceeded","path":"/health","service":"scalable-api","userAgent":"Mozilla/5.0 (Macintosh; Intel Mac OS X 10_15_7) AppleWebKit/537.36 (KHTML, like Gecko) Chrome/140.0.0.0 Safari/537.36"}
{"level":"info","message":"::ffff:192.168.65.1 - - [13/Sep/2025:09:50:00 +0000] \"GET /health HTTP/1.1\" 429 97 \"-\" \"Mozilla/5.0 (Macintosh; Intel Mac OS X 10_15_7) AppleWebKit/537.36 (KHTML, like Gecko) Chrome/140.0.0.0 Safari/537.36\"","service":"scalable-api"}
{"id":"::ffff:192.168.65.1","level":"warn","message":"Rate limit exceeded","path":"/robots.txt","service":"scalable-api","userAgent":"Mozilla/5.0 (Macintosh; Intel Mac OS X 10_15_7) AppleWebKit/537.36 (KHTML, like Gecko) Chrome/140.0.0.0 Safari/537.36"}
{"level":"info","message":"::ffff:192.168.65.1 - - [13/Sep/2025:09:50:00 +0000] \"GET /robots.txt HTTP/1.1\" 429 97 \"-\" \"Mozilla/5.0 (Macintosh; Intel Mac OS X 10_15_7) AppleWebKit/537.36 (KHTML, like Gecko) Chrome/140.0.0.0 Safari/537.36\"","service":"scalable-api"}
{"id":"::ffff:192.168.65.1","level":"warn","message":"Rate limit exceeded","path":"/api/v1/users/secretdatabase/1","service":"scalable-api","userAgent":"Mozilla/5.0 (Macintosh; Intel Mac OS X 10_15_7) AppleWebKit/537.36 (KHTML, like Gecko) Chrome/140.0.0.0 Safari/537.36"}
{"level":"info","message":"::ffff:192.168.65.1 - - [13/Sep/2025:09:50:37 +0000] \"GET /api/v1/users/secretdatabase/1 HTTP/1.1\" 429 97 \"-\" \"Mozilla/5.0 (Macintosh; Intel Mac OS X 10_15_7) AppleWebKit/537.36 (KHTML, like Gecko) Chrome/140.0.0.0 Safari/537.36\"","service":"scalable-api"}
{"id":"::ffff:192.168.65.1","level":"warn","message":"Rate limit exceeded","path":"/robots.txt","service":"scalable-api","userAgent":"Mozilla/5.0 (Macintosh; Intel Mac OS X 10_15_7) AppleWebKit/537.36 (KHTML, like Gecko) Chrome/140.0.0.0 Safari/537.36"}
{"level":"info","message":"::ffff:192.168.65.1 - - [13/Sep/2025:09:50:37 +0000] \"GET /robots.txt HTTP/1.1\" 429 97 \"-\" \"Mozilla/5.0 (Macintosh; Intel Mac OS X 10_15_7) AppleWebKit/537.36 (KHTML, like Gecko) Chrome/140.0.0.0 Safari/537.36\"","service":"scalable-api"}
{"id":"::ffff:192.168.65.1","level":"warn","message":"Rate limit exceeded","path":"/api/","service":"scalable-api","userAgent":"Mozilla/5.0 (Macintosh; Intel Mac OS X 10_15_7) AppleWebKit/537.36 (KHTML, like Gecko) Chrome/140.0.0.0 Safari/537.36"}
{"level":"info","message":"::ffff:192.168.65.1 - - [13/Sep/2025:09:50:39 +0000] \"GET /api/ HTTP/1.1\" 429 97 \"-\" \"Mozilla/5.0 (Macintosh; Intel Mac OS X 10_15_7) AppleWebKit/537.36 (KHTML, like Gecko) Chrome/140.0.0.0 Safari/537.36\"","service":"scalable-api"}
{"id":"::ffff:192.168.65.1","level":"warn","message":"Rate limit exceeded","path":"/robots.txt","service":"scalable-api","userAgent":"Mozilla/5.0 (Macintosh; Intel Mac OS X 10_15_7) AppleWebKit/537.36 (KHTML, like Gecko) Chrome/140.0.0.0 Safari/537.36"}
{"level":"info","message":"::ffff:192.168.65.1 - - [13/Sep/2025:09:50:39 +0000] \"GET /robots.txt HTTP/1.1\" 429 97 \"-\" \"Mozilla/5.0 (Macintosh; Intel Mac OS X 10_15_7) AppleWebKit/537.36 (KHTML, like Gecko) Chrome/140.0.0.0 Safari/537.36\"","service":"scalable-api"}
{"id":"::ffff:192.168.65.1","level":"warn","message":"Rate limit exceeded","path":"/api","service":"scalable-api","userAgent":"Mozilla/5.0 (Macintosh; Intel Mac OS X 10_15_7) AppleWebKit/537.36 (KHTML, like Gecko) Chrome/140.0.0.0 Safari/537.36"}
{"level":"info","message":"::ffff:192.168.65.1 - - [13/Sep/2025:09:50:42 +0000] \"GET /api HTTP/1.1\" 429 97 \"-\" \"Mozilla/5.0 (Macintosh; Intel Mac OS X 10_15_7) AppleWebKit/537.36 (KHTML, like Gecko) Chrome/140.0.0.0 Safari/537.36\"","service":"scalable-api"}
{"id":"::ffff:192.168.65.1","level":"warn","message":"Rate limit exceeded","path":"/robots.txt","service":"scalable-api","userAgent":"Mozilla/5.0 (Macintosh; Intel Mac OS X 10_15_7) AppleWebKit/537.36 (KHTML, like Gecko) Chrome/140.0.0.0 Safari/537.36"}
{"level":"info","message":"::ffff:192.168.65.1 - - [13/Sep/2025:09:50:42 +0000] \"GET /robots.txt HTTP/1.1\" 429 97 \"-\" \"Mozilla/5.0 (Macintosh; Intel Mac OS X 10_15_7) AppleWebKit/537.36 (KHTML, like Gecko) Chrome/140.0.0.0 Safari/537.36\"","service":"scalable-api"}
{"level":"info","message":"::ffff:192.168.65.1 - - [13/Sep/2025:09:51:49 +0000] \"GET /health HTTP/1.1\" 200 77 \"-\" \"HTTPie\"","service":"scalable-api"}
{"level":"info","message":"::ffff:192.168.65.1 - - [13/Sep/2025:09:51:52 +0000] \"GET /health HTTP/1.1\" 200 77 \"-\" \"HTTPie\"","service":"scalable-api"}
{"level":"info","message":"::ffff:192.168.65.1 - - [13/Sep/2025:09:52:01 +0000] \"GET /api HTTP/1.1\" 200 38 \"-\" \"HTTPie\"","service":"scalable-api"}
{"level":"info","message":"User admin@wp.pl created successfully","service":"scalable-api"}
{"level":"info","message":"User registered successfully: admin@wp.pl","service":"scalable-api"}
{"level":"info","message":"::ffff:192.168.65.1 - - [13/Sep/2025:09:52:29 +0000] \"POST /api/auth/sign-up HTTP/1.1\" 201 98 \"-\" \"HTTPie\"","service":"scalable-api"}
{"level":"info","message":"User signed in successfully: admin@wp.pl","service":"scalable-api"}
{"level":"info","message":"::ffff:192.168.65.1 - - [13/Sep/2025:09:53:25 +0000] \"POST /api/auth/sign-in HTTP/1.1\" 200 110 \"-\" \"HTTPie\"","service":"scalable-api"}
{"level":"info","message":"User signed out successfully","service":"scalable-api"}
{"level":"info","message":"::ffff:192.168.65.1 - - [13/Sep/2025:09:53:31 +0000] \"POST /api/auth/sign-out HTTP/1.1\" 200 42 \"-\" \"HTTPie\"","service":"scalable-api"}
